0 info it worked if it ends with ok
1 verbose cli [ 'C:\\Program Files\\nodejs\\node.exe',
1 verbose cli   'C:\\Program Files\\nodejs\\node_modules\\npm\\bin\\npm-cli.js',
1 verbose cli   'rebuild',
1 verbose cli   'sqlite3' ]
2 info using npm@3.10.3
3 info using node@v6.3.0
4 info readInstalled object
5 verbose rebuild path, id [ 'C:\\Users\\Alex\\Documents\\MyRepos\\electron-play\\node_modules\\sqlite3',
5 verbose rebuild   'sqlite3@3.1.8' ]
6 silly rebuild set [ 'C:\\Users\\Alex\\Documents\\MyRepos\\electron-play\\node_modules\\sqlite3' ]
7 info build C:\Users\Alex\Documents\MyRepos\electron-play\node_modules\sqlite3
8 info lifecycle sqlite3@3.1.8~preinstall: sqlite3@3.1.8
9 silly lifecycle sqlite3@3.1.8~preinstall: no script for preinstall, continuing
10 info linkStuff sqlite3@3.1.8
11 silly linkStuff sqlite3@3.1.8 has C:\Users\Alex\Documents\MyRepos\electron-play\node_modules as its parent node_modules
12 verbose linkBins sqlite3@3.1.8
13 verbose linkMans sqlite3@3.1.8
14 verbose rebuildBundles sqlite3@3.1.8
15 verbose rebuildBundles [ '.bin', 'node-pre-gyp' ]
16 verbose rebuild bundle C:\Users\Alex\Documents\MyRepos\electron-play\node_modules\sqlite3\node_modules\node-pre-gyp
17 info build C:\Users\Alex\Documents\MyRepos\electron-play\node_modules\sqlite3\node_modules\node-pre-gyp
18 info lifecycle node-pre-gyp@0.6.31~preinstall: node-pre-gyp@0.6.31
19 silly lifecycle node-pre-gyp@0.6.31~preinstall: no script for preinstall, continuing
20 info linkStuff node-pre-gyp@0.6.31
21 silly linkStuff node-pre-gyp@0.6.31 has C:\Users\Alex\Documents\MyRepos\electron-play\node_modules\sqlite3\node_modules as its parent node_modules
22 verbose linkBins node-pre-gyp@0.6.31
23 verbose link bins [ { 'node-pre-gyp': './bin/node-pre-gyp' },
23 verbose link bins   'C:\\Users\\Alex\\Documents\\MyRepos\\electron-play\\node_modules\\sqlite3\\node_modules\\.bin',
23 verbose link bins   false ]
24 verbose linkMans node-pre-gyp@0.6.31
25 verbose rebuildBundles node-pre-gyp@0.6.31
26 verbose rebuildBundles [ '.bin',
26 verbose rebuildBundles   'mkdirp',
26 verbose rebuildBundles   'nopt',
26 verbose rebuildBundles   'npmlog',
26 verbose rebuildBundles   'rc',
26 verbose rebuildBundles   'request',
26 verbose rebuildBundles   'rimraf',
26 verbose rebuildBundles   'semver',
26 verbose rebuildBundles   'tar',
26 verbose rebuildBundles   'tar-pack' ]
27 info lifecycle node-pre-gyp@0.6.31~install: node-pre-gyp@0.6.31
28 silly lifecycle node-pre-gyp@0.6.31~install: no script for install, continuing
29 info lifecycle node-pre-gyp@0.6.31~postinstall: node-pre-gyp@0.6.31
30 silly lifecycle node-pre-gyp@0.6.31~postinstall: no script for postinstall, continuing
31 info lifecycle sqlite3@3.1.8~install: sqlite3@3.1.8
32 verbose lifecycle sqlite3@3.1.8~install: unsafe-perm in lifecycle true
33 verbose lifecycle sqlite3@3.1.8~install: PATH: C:\Program Files\nodejs\node_modules\npm\bin\node-gyp-bin;C:\Users\Alex\Documents\MyRepos\electron-play\node_modules\sqlite3\node_modules\.bin;C:\Users\Alex\Documents\MyRepos\electron-play\node_modules\.bin;C:\Program Files\nodejs;C:\Program Files\nodejs\node_modules\npm\bin\node-gyp-bin;C:\Users\Alex\Documents\MyRepos\electron-play\node_modules\.bin;C:\Program Files\nodejs;C:\ProgramData\Oracle\Java\javapath;C:\WINDOWS\system32;C:\WINDOWS;C:\WINDOWS\System32\Wbem;C:\WINDOWS\System32\WindowsPowerShell\v1.0\;C:\Program Files\Microsoft SQL Server\110\Tools\Binn\;C:\Program Files\TortoiseSVN\bin;C:\Program Files (x86)\Intel\OpenCL SDK\2.0\bin\x86;C:\Program Files (x86)\Intel\OpenCL SDK\2.0\bin\x64;C:\Program Files\Microsoft\Web Platform Installer\;c:\Program Files (x86)\Microsoft SQL Server\110\Tools\Binn\;c:\Program Files\Microsoft SQL Server\110\DTS\Binn\;C:\Program Files (x86)\Microsoft SQL Server\110\Tools\Binn\ManagementStudio\;C:\Program Files (x86)\Microsoft SQL Server\110\DTS\Binn\;C:\Program Files\Microsoft SQL Server\120\Tools\Binn\;C:\ProgramData\chocolatey\bin;C:\xampp\php;C:\ProgramData\ComposerSetup\bin;C:\WINDOWS\system32;C:\WINDOWS;C:\WINDOWS\System32\Wbem;C:\WINDOWS\System32\WindowsPowerShell\v1.0\;C:\Program Files (x86)\Windows Kits\10\Windows Performance Toolkit\;C:\Program Files\Git\cmd;C:\Program Files\nodejs\;C:\Users\Alex\AppData\Roaming\npm\tsc;C:\Program Files (x86)\dotnet\;C:\Program Files\dotnet\;C:\Program Files\TortoiseGit\bin;C:\Ruby23\bin;C:\Program Files\nodejs;C:\Program Files (x86)\Git\bin;C:\Users\Alex\AppData\Local\atom\bin;C:\Users\Alex\AppData\Roaming\npm;C:\Program Files (x86)\Microsoft VS Code\bin;C:\Users\Alex\AppData\Local\Microsoft\WindowsApps
34 verbose lifecycle sqlite3@3.1.8~install: CWD: C:\Users\Alex\Documents\MyRepos\electron-play\node_modules\sqlite3
35 silly lifecycle sqlite3@3.1.8~install: Args: [ '/d /s /c', 'node-pre-gyp install --fallback-to-build' ]
36 silly lifecycle sqlite3@3.1.8~install: Returned: code: 1  signal: null
37 info lifecycle sqlite3@3.1.8~install: Failed to exec install script
38 verbose stack Error: sqlite3@3.1.8 install: `node-pre-gyp install --fallback-to-build`
38 verbose stack Exit status 1
38 verbose stack     at EventEmitter.<anonymous> (C:\Program Files\nodejs\node_modules\npm\lib\utils\lifecycle.js:242:16)
38 verbose stack     at emitTwo (events.js:106:13)
38 verbose stack     at EventEmitter.emit (events.js:191:7)
38 verbose stack     at ChildProcess.<anonymous> (C:\Program Files\nodejs\node_modules\npm\lib\utils\spawn.js:40:14)
38 verbose stack     at emitTwo (events.js:106:13)
38 verbose stack     at ChildProcess.emit (events.js:191:7)
38 verbose stack     at maybeClose (internal/child_process.js:852:16)
38 verbose stack     at Process.ChildProcess._handle.onexit (internal/child_process.js:215:5)
39 verbose pkgid sqlite3@3.1.8
40 verbose cwd C:\Users\Alex\Documents\MyRepos\electron-play
41 error Windows_NT 10.0.14393
42 error argv "C:\\Program Files\\nodejs\\node.exe" "C:\\Program Files\\nodejs\\node_modules\\npm\\bin\\npm-cli.js" "rebuild" "sqlite3"
43 error node v6.3.0
44 error npm  v3.10.3
45 error code ELIFECYCLE
46 error sqlite3@3.1.8 install: `node-pre-gyp install --fallback-to-build`
46 error Exit status 1
47 error Failed at the sqlite3@3.1.8 install script 'node-pre-gyp install --fallback-to-build'.
47 error Make sure you have the latest version of node.js and npm installed.
47 error If you do, this is most likely a problem with the sqlite3 package,
47 error not with npm itself.
47 error Tell the author that this fails on your system:
47 error     node-pre-gyp install --fallback-to-build
47 error You can get information on how to open an issue for this project with:
47 error     npm bugs sqlite3
47 error Or if that isn't available, you can get their info via:
47 error     npm owner ls sqlite3
47 error There is likely additional logging output above.
48 verbose exit [ 1, true ]
