0 info it worked if it ends with ok
1 verbose cli [ 'C:\\Program Files\\nodejs\\node.exe',
1 verbose cli   'C:\\Program Files\\nodejs\\node_modules\\npm\\bin\\npm-cli.js',
1 verbose cli   'run',
1 verbose cli   'postinstall' ]
2 info using npm@3.10.3
3 info using node@v6.3.0
4 verbose run-script [ 'postinstall' ]
5 info lifecycle electron-play@1.0.0~postinstall: electron-play@1.0.0
6 verbose lifecycle electron-play@1.0.0~postinstall: unsafe-perm in lifecycle true
7 verbose lifecycle electron-play@1.0.0~postinstall: PATH: C:\Program Files\nodejs\node_modules\npm\bin\node-gyp-bin;C:\Users\Alex\Documents\MyRepos\electron-play\node_modules\.bin;C:\Program Files\nodejs;C:\ProgramData\Oracle\Java\javapath;C:\WINDOWS\system32;C:\WINDOWS;C:\WINDOWS\System32\Wbem;C:\WINDOWS\System32\WindowsPowerShell\v1.0\;C:\Program Files\Microsoft SQL Server\110\Tools\Binn\;C:\Program Files\TortoiseSVN\bin;C:\Program Files (x86)\Intel\OpenCL SDK\2.0\bin\x86;C:\Program Files (x86)\Intel\OpenCL SDK\2.0\bin\x64;C:\Program Files\Microsoft\Web Platform Installer\;c:\Program Files (x86)\Microsoft SQL Server\110\Tools\Binn\;c:\Program Files\Microsoft SQL Server\110\DTS\Binn\;C:\Program Files (x86)\Microsoft SQL Server\110\Tools\Binn\ManagementStudio\;C:\Program Files (x86)\Microsoft SQL Server\110\DTS\Binn\;C:\Program Files\Microsoft SQL Server\120\Tools\Binn\;C:\ProgramData\chocolatey\bin;C:\python27;C:\xampp\php;C:\ProgramData\ComposerSetup\bin;C:\WINDOWS\system32;C:\WINDOWS;C:\WINDOWS\System32\Wbem;C:\WINDOWS\System32\WindowsPowerShell\v1.0\;C:\Program Files (x86)\Windows Kits\10\Windows Performance Toolkit\;C:\Program Files\Git\cmd;C:\Program Files\nodejs\;C:\Users\Alex\AppData\Roaming\npm\tsc;C:\Program Files (x86)\dotnet\;C:\Program Files\dotnet\;C:\Program Files\TortoiseGit\bin;C:\Ruby23\bin;C:\Program Files (x86)\Git\bin;C:\Users\Alex\AppData\Local\atom\bin;C:\Users\Alex\AppData\Roaming\npm;C:\Program Files (x86)\Microsoft VS Code\bin;C:\Users\Alex\AppData\Local\Microsoft\WindowsApps
8 verbose lifecycle electron-play@1.0.0~postinstall: CWD: C:\Users\Alex\Documents\MyRepos\electron-play
9 silly lifecycle electron-play@1.0.0~postinstall: Args: [ '/d /s /c', 'install-app-deps' ]
10 silly lifecycle electron-play@1.0.0~postinstall: Returned: code: 4294967295  signal: null
11 info lifecycle electron-play@1.0.0~postinstall: Failed to exec postinstall script
12 verbose stack Error: electron-play@1.0.0 postinstall: `install-app-deps`
12 verbose stack Exit status 4294967295
12 verbose stack     at EventEmitter.<anonymous> (C:\Program Files\nodejs\node_modules\npm\lib\utils\lifecycle.js:242:16)
12 verbose stack     at emitTwo (events.js:106:13)
12 verbose stack     at EventEmitter.emit (events.js:191:7)
12 verbose stack     at ChildProcess.<anonymous> (C:\Program Files\nodejs\node_modules\npm\lib\utils\spawn.js:40:14)
12 verbose stack     at emitTwo (events.js:106:13)
12 verbose stack     at ChildProcess.emit (events.js:191:7)
12 verbose stack     at maybeClose (internal/child_process.js:852:16)
12 verbose stack     at Process.ChildProcess._handle.onexit (internal/child_process.js:215:5)
13 verbose pkgid electron-play@1.0.0
14 verbose cwd C:\Users\Alex\Documents\MyRepos\electron-play\assets
15 error Windows_NT 10.0.14393
16 error argv "C:\\Program Files\\nodejs\\node.exe" "C:\\Program Files\\nodejs\\node_modules\\npm\\bin\\npm-cli.js" "run" "postinstall"
17 error node v6.3.0
18 error npm  v3.10.3
19 error code ELIFECYCLE
20 error electron-play@1.0.0 postinstall: `install-app-deps`
20 error Exit status 4294967295
21 error Failed at the electron-play@1.0.0 postinstall script 'install-app-deps'.
21 error Make sure you have the latest version of node.js and npm installed.
21 error If you do, this is most likely a problem with the electron-play package,
21 error not with npm itself.
21 error Tell the author that this fails on your system:
21 error     install-app-deps
21 error You can get information on how to open an issue for this project with:
21 error     npm bugs electron-play
21 error Or if that isn't available, you can get their info via:
21 error     npm owner ls electron-play
21 error There is likely additional logging output above.
22 verbose exit [ 1, true ]
